mode: set
github.com/andrersp/test-containers/repository/repository.go:14.78,16.16 2 0
github.com/andrersp/test-containers/repository/repository.go:16.16,18.3 1 0
github.com/andrersp/test-containers/repository/repository.go:20.2,22.8 1 0
github.com/andrersp/test-containers/repository/repository.go:25.112,30.2 4 0
github.com/andrersp/test-containers/repository/repository.go:32.102,39.16 5 0
github.com/andrersp/test-containers/repository/repository.go:39.16,41.3 1 0
github.com/andrersp/test-containers/repository/repository.go:42.2,42.22 1 0
github.com/andrersp/test-containers/testhelpers/container.go:18.78,30.16 2 0
github.com/andrersp/test-containers/testhelpers/container.go:30.16,32.3 1 0
github.com/andrersp/test-containers/testhelpers/container.go:34.2,35.16 2 0
github.com/andrersp/test-containers/testhelpers/container.go:35.16,37.3 1 0
github.com/andrersp/test-containers/testhelpers/container.go:39.2,42.8 1 0
github.com/andrersp/test-containers/usecase/create-customer.go:20.89,24.16 3 0
github.com/andrersp/test-containers/usecase/create-customer.go:24.16,26.3 1 0
github.com/andrersp/test-containers/usecase/create-customer.go:27.2,27.59 1 0
github.com/andrersp/test-containers/usecase/create-customer.go:30.88,32.2 1 0
github.com/andrersp/test-containers/handlers/create-customer.go:15.64,17.41 2 1
github.com/andrersp/test-containers/handlers/create-customer.go:17.41,19.3 1 0
github.com/andrersp/test-containers/handlers/create-customer.go:20.2,21.16 2 1
github.com/andrersp/test-containers/handlers/create-customer.go:21.16,23.3 1 1
github.com/andrersp/test-containers/handlers/create-customer.go:25.2,25.45 1 1
github.com/andrersp/test-containers/handlers/create-customer.go:29.94,31.2 1 1
github.com/andrersp/test-containers/repository/repository.go:14.78,16.16 2 1
github.com/andrersp/test-containers/repository/repository.go:16.16,18.3 1 0
github.com/andrersp/test-containers/repository/repository.go:20.2,22.8 1 1
github.com/andrersp/test-containers/repository/repository.go:25.112,30.2 4 1
github.com/andrersp/test-containers/repository/repository.go:32.102,39.16 5 1
github.com/andrersp/test-containers/repository/repository.go:39.16,41.3 1 1
github.com/andrersp/test-containers/repository/repository.go:42.2,42.22 1 1
github.com/andrersp/test-containers/testhelpers/container.go:18.78,30.16 2 1
github.com/andrersp/test-containers/testhelpers/container.go:30.16,32.3 1 0
github.com/andrersp/test-containers/testhelpers/container.go:34.2,35.16 2 1
github.com/andrersp/test-containers/testhelpers/container.go:35.16,37.3 1 0
github.com/andrersp/test-containers/testhelpers/container.go:39.2,42.8 1 1
github.com/andrersp/test-containers/usecase/create-customer.go:20.89,24.16 3 1
github.com/andrersp/test-containers/usecase/create-customer.go:24.16,26.3 1 1
github.com/andrersp/test-containers/usecase/create-customer.go:27.2,27.59 1 1
github.com/andrersp/test-containers/usecase/create-customer.go:30.88,32.2 1 1
